<?xml version="1.0" encoding="utf-8"?><testsuites><testsuite name="pytest" errors="0" failures="0" skipped="0" tests="11" time="1.378" timestamp="2026-09-13T08:25:34.811306" hostname="Agni"><testcase classname="naviguard_perception.test.test_image_processor" name="test_processor_initialization" time="0.001" /><testcase classname="naviguard_perception.test.test_image_processor" name="test_process_frame_overlay_mode" time="0.169" /><testcase classname="naviguard_perception.test.test_image_processor" name="test_process_frame_side_by_side_mode" time="0.012" /><testcase classname="naviguard_perception.test.test_image_processor" name="test_edge_cases" time="0.017" /><testcase classname="naviguard_perception.test.test_image_processor" name="test_ground_roi_polygon" time="0.001" /><testcase classname="naviguard_perception.test.test_image_processor" name="test_self_robot_mask" time="0.004" /><testcase classname="naviguard_perception.test.test_image_processor" name="test_generate_segmentation_view" time="0.009" /><testcase classname="naviguard_perception.test.test_node_lifecycle" name="test_node_instantiation_and_parameters" time="0.171" /><testcase classname="naviguard_perception.test.test_node_lifecycle" name="test_camera_info_handling" time="0.023" /><testcase classname="naviguard_perception.test.test_node_lifecycle" name="test_image_callback_and_publish" time="0.046" /><testcase classname="naviguard_perception.test.test_node_lifecycle" name="test_malformed_image_resilience" time="0.018" /></testsuite></testsuites>