<?xml version="1.0" encoding="UTF-8"?>
<Site BuildName="(empty)"
	BuildStamp="20260913-0724-Experimental"
	Name="Agni"
	Generator="ctest-3.28.3"
	CompilerName="/usr/bin/c++"
	CompilerVersion="13.3.0"
	OSName="Linux"
	Hostname="Agni"
	OSRelease="6.18.33.2-microsoft-standard-WSL2"
	OSVersion="#1 SMP PREEMPT_DYNAMIC Thu Jun 18 21:54:43 UTC 2026"
	OSPlatform="x86_64"
	Is64Bits="1"
	VendorString="GenuineIntel"
	VendorID="Intel Corporation"
	FamilyID="6"
	ModelID="154"
	ProcessorCacheSize="12288"
	NumberOfLogicalCPU="12"
	NumberOfPhysicalCPU="6"
	TotalVirtualMemory="2048"
	TotalPhysicalMemory="7776"
	LogicalProcessorsPerPhysical="2"
	ProcessorClockFrequency="2496.01"
	>
	<Testing>
		<StartDateTime>Sep 13 07:24 UTC</StartDateTime>
		<StartTestTime>1789284262</StartTestTime>
		<TestList>
			<Test>./flake8</Test>
			<Test>./lint_cmake</Test>
			<Test>./pep257</Test>
			<Test>./xmllint</Test>
		</TestList>
		<Test Status="passed">
			<Name>flake8</Name>
			<Path>.</Path>
			<FullName>./flake8</FullName>
			<FullCommandLine>/usr/bin/python3 "-u" "/opt/ros/jazzy/share/ament_cmake_test/cmake/run_test.py" "/home/maxx/naviguard_ws/build/naviguard_description/test_results/naviguard_description/flake8.xunit.xml" "--package-name" "naviguard_description" "--output-file" "/home/maxx/naviguard_ws/build/naviguard_description/ament_flake8/flake8.txt" "--command" "/opt/ros/jazzy/bin/ament_flake8" "--xunit-file" "/home/maxx/naviguard_ws/build/naviguard_description/test_results/naviguard_description/flake8.xunit.xml"</FullCommandLine>
			<Results>
				<NamedMeasurement type="numeric/double" name="Execution Time">
					<Value>0.277306</Value>
				</NamedMeasurement>
				<NamedMeasurement type="numeric/double" name="Processors">
					<Value>1</Value>
				</NamedMeasurement>
				<NamedMeasurement type="text/string" name="Completion Status">
					<Value>Completed</Value>
				</NamedMeasurement>
				<NamedMeasurement type="text/string" name="Command Line">
					<Value>/usr/bin/python3 "-u" "/opt/ros/jazzy/share/ament_cmake_test/cmake/run_test.py" "/home/maxx/naviguard_ws/build/naviguard_description/test_results/naviguard_description/flake8.xunit.xml" "--package-name" "naviguard_description" "--output-file" "/home/maxx/naviguard_ws/build/naviguard_description/ament_flake8/flake8.txt" "--command" "/opt/ros/jazzy/bin/ament_flake8" "--xunit-file" "/home/maxx/naviguard_ws/build/naviguard_description/test_results/naviguard_description/flake8.xunit.xml"</Value>
				</NamedMeasurement>
				<NamedMeasurement type="text/string" name="Environment">
					<Value>#CTEST_RESOURCE_GROUP_COUNT=</Value>
				</NamedMeasurement>
				<Measurement>
					<Value>-- run_test.py: invoking following command in '/home/maxx/naviguard_ws/src/naviguard_description':
 - /opt/ros/jazzy/bin/ament_flake8 --xunit-file /home/maxx/naviguard_ws/build/naviguard_description/test_results/naviguard_description/flake8.xunit.xml

2 files checked
No problems found

Checked files:

* ./launch/naviguard_sim.launch.py
* ./launch/naviguard_demo.launch.py
-- run_test.py: return code 0
-- run_test.py: verify result file '/home/maxx/naviguard_ws/build/naviguard_description/test_results/naviguard_description/flake8.xunit.xml'
</Value>
				</Measurement>
			</Results>
			<Labels>
				<Label>flake8</Label>
				<Label>linter</Label>
			</Labels>
		</Test>
		<Test Status="passed">
			<Name>lint_cmake</Name>
			<Path>.</Path>
			<FullName>./lint_cmake</FullName>
			<FullCommandLine>/usr/bin/python3 "-u" "/opt/ros/jazzy/share/ament_cmake_test/cmake/run_test.py" "/home/maxx/naviguard_ws/build/naviguard_description/test_results/naviguard_description/lint_cmake.xunit.xml" "--package-name" "naviguard_description" "--output-file" "/home/maxx/naviguard_ws/build/naviguard_description/ament_lint_cmake/lint_cmake.txt" "--command" "/opt/ros/jazzy/bin/ament_lint_cmake" "--xunit-file" "/home/maxx/naviguard_ws/build/naviguard_description/test_results/naviguard_description/lint_cmake.xunit.xml"</FullCommandLine>
			<Results>
				<NamedMeasurement type="numeric/double" name="Execution Time">
					<Value>0.115863</Value>
				</NamedMeasurement>
				<NamedMeasurement type="numeric/double" name="Processors">
					<Value>1</Value>
				</NamedMeasurement>
				<NamedMeasurement type="text/string" name="Completion Status">
					<Value>Completed</Value>
				</NamedMeasurement>
				<NamedMeasurement type="text/string" name="Command Line">
					<Value>/usr/bin/python3 "-u" "/opt/ros/jazzy/share/ament_cmake_test/cmake/run_test.py" "/home/maxx/naviguard_ws/build/naviguard_description/test_results/naviguard_description/lint_cmake.xunit.xml" "--package-name" "naviguard_description" "--output-file" "/home/maxx/naviguard_ws/build/naviguard_description/ament_lint_cmake/lint_cmake.txt" "--command" "/opt/ros/jazzy/bin/ament_lint_cmake" "--xunit-file" "/home/maxx/naviguard_ws/build/naviguard_description/test_results/naviguard_description/lint_cmake.xunit.xml"</Value>
				</NamedMeasurement>
				<NamedMeasurement type="text/string" name="Environment">
					<Value>#CTEST_RESOURCE_GROUP_COUNT=</Value>
				</NamedMeasurement>
				<Measurement>
					<Value>-- run_test.py: invoking following command in '/home/maxx/naviguard_ws/src/naviguard_description':
 - /opt/ros/jazzy/bin/ament_lint_cmake --xunit-file /home/maxx/naviguard_ws/build/naviguard_description/test_results/naviguard_description/lint_cmake.xunit.xml

No problems found
-- run_test.py: return code 0
-- run_test.py: verify result file '/home/maxx/naviguard_ws/build/naviguard_description/test_results/naviguard_description/lint_cmake.xunit.xml'
</Value>
				</Measurement>
			</Results>
			<Labels>
				<Label>lint_cmake</Label>
				<Label>linter</Label>
			</Labels>
		</Test>
		<Test Status="passed">
			<Name>pep257</Name>
			<Path>.</Path>
			<FullName>./pep257</FullName>
			<FullCommandLine>/usr/bin/python3 "-u" "/opt/ros/jazzy/share/ament_cmake_test/cmake/run_test.py" "/home/maxx/naviguard_ws/build/naviguard_description/test_results/naviguard_description/pep257.xunit.xml" "--package-name" "naviguard_description" "--output-file" "/home/maxx/naviguard_ws/build/naviguard_description/ament_pep257/pep257.txt" "--command" "/opt/ros/jazzy/bin/ament_pep257" "--xunit-file" "/home/maxx/naviguard_ws/build/naviguard_description/test_results/naviguard_description/pep257.xunit.xml"</FullCommandLine>
			<Results>
				<NamedMeasurement type="numeric/double" name="Execution Time">
					<Value>0.180961</Value>
				</NamedMeasurement>
				<NamedMeasurement type="numeric/double" name="Processors">
					<Value>1</Value>
				</NamedMeasurement>
				<NamedMeasurement type="text/string" name="Completion Status">
					<Value>Completed</Value>
				</NamedMeasurement>
				<NamedMeasurement type="text/string" name="Command Line">
					<Value>/usr/bin/python3 "-u" "/opt/ros/jazzy/share/ament_cmake_test/cmake/run_test.py" "/home/maxx/naviguard_ws/build/naviguard_description/test_results/naviguard_description/pep257.xunit.xml" "--package-name" "naviguard_description" "--output-file" "/home/maxx/naviguard_ws/build/naviguard_description/ament_pep257/pep257.txt" "--command" "/opt/ros/jazzy/bin/ament_pep257" "--xunit-file" "/home/maxx/naviguard_ws/build/naviguard_description/test_results/naviguard_description/pep257.xunit.xml"</Value>
				</NamedMeasurement>
				<NamedMeasurement type="text/string" name="Environment">
					<Value>#CTEST_RESOURCE_GROUP_COUNT=</Value>
				</NamedMeasurement>
				<Measurement>
					<Value>-- run_test.py: invoking following command in '/home/maxx/naviguard_ws/src/naviguard_description':
 - /opt/ros/jazzy/bin/ament_pep257 --xunit-file /home/maxx/naviguard_ws/build/naviguard_description/test_results/naviguard_description/pep257.xunit.xml
checking ./launch/naviguard_demo.launch.py
checking ./launch/naviguard_sim.launch.py
No problems found
-- run_test.py: return code 0
-- run_test.py: verify result file '/home/maxx/naviguard_ws/build/naviguard_description/test_results/naviguard_description/pep257.xunit.xml'
</Value>
				</Measurement>
			</Results>
			<Labels>
				<Label>linter</Label>
				<Label>pep257</Label>
			</Labels>
		</Test>
		<Test Status="passed">
			<Name>xmllint</Name>
			<Path>.</Path>
			<FullName>./xmllint</FullName>
			<FullCommandLine>/usr/bin/python3 "-u" "/opt/ros/jazzy/share/ament_cmake_test/cmake/run_test.py" "/home/maxx/naviguard_ws/build/naviguard_description/test_results/naviguard_description/xmllint.xunit.xml" "--package-name" "naviguard_description" "--output-file" "/home/maxx/naviguard_ws/build/naviguard_description/ament_xmllint/xmllint.txt" "--command" "/opt/ros/jazzy/bin/ament_xmllint" "--xunit-file" "/home/maxx/naviguard_ws/build/naviguard_description/test_results/naviguard_description/xmllint.xunit.xml"</FullCommandLine>
			<Results>
				<NamedMeasurement type="numeric/double" name="Execution Time">
					<Value>1.22172</Value>
				</NamedMeasurement>
				<NamedMeasurement type="numeric/double" name="Processors">
					<Value>1</Value>
				</NamedMeasurement>
				<NamedMeasurement type="text/string" name="Completion Status">
					<Value>Completed</Value>
				</NamedMeasurement>
				<NamedMeasurement type="text/string" name="Command Line">
					<Value>/usr/bin/python3 "-u" "/opt/ros/jazzy/share/ament_cmake_test/cmake/run_test.py" "/home/maxx/naviguard_ws/build/naviguard_description/test_results/naviguard_description/xmllint.xunit.xml" "--package-name" "naviguard_description" "--output-file" "/home/maxx/naviguard_ws/build/naviguard_description/ament_xmllint/xmllint.txt" "--command" "/opt/ros/jazzy/bin/ament_xmllint" "--xunit-file" "/home/maxx/naviguard_ws/build/naviguard_description/test_results/naviguard_description/xmllint.xunit.xml"</Value>
				</NamedMeasurement>
				<NamedMeasurement type="text/string" name="Environment">
					<Value>#CTEST_RESOURCE_GROUP_COUNT=</Value>
				</NamedMeasurement>
				<Measurement>
					<Value>-- run_test.py: invoking following command in '/home/maxx/naviguard_ws/src/naviguard_description':
 - /opt/ros/jazzy/bin/ament_xmllint --xunit-file /home/maxx/naviguard_ws/build/naviguard_description/test_results/naviguard_description/xmllint.xunit.xml
File 'package.xml' is valid

No problems found
-- run_test.py: return code 0
-- run_test.py: verify result file '/home/maxx/naviguard_ws/build/naviguard_description/test_results/naviguard_description/xmllint.xunit.xml'
</Value>
				</Measurement>
			</Results>
			<Labels>
				<Label>linter</Label>
				<Label>xmllint</Label>
			</Labels>
		</Test>
		<EndDateTime>Sep 13 07:24 UTC</EndDateTime>
		<EndTestTime>1789284264</EndTestTime>
		<ElapsedMinutes>0</ElapsedMinutes>
	</Testing>
</Site>
