<?xml version="1.0" encoding="utf-8"?><testsuites><testsuite name="pytest" errors="0" failures="0" skipped="0" tests="33" time="1.476" timestamp="2026-09-13T08:25:33.640412" hostname="Agni"><testcase classname="naviguard_navigation.test.test_global_planner_astar" name="test_astar_basic_path_open_environment" time="0.004" /><testcase classname="naviguard_navigation.test.test_global_planner_astar" name="test_astar_blocked_path_navigates_around_obstacle" time="0.132" /><testcase classname="naviguard_navigation.test.test_global_planner_astar" name="test_astar_start_equals_goal" time="0.001" /><testcase classname="naviguard_navigation.test.test_global_planner_astar" name="test_astar_unreachable_goal" time="0.065" /><testcase classname="naviguard_navigation.test.test_goal_checker" name="test_goal_checker_spatial_tolerance" time="0.000" /><testcase classname="naviguard_navigation.test.test_goal_checker" name="test_goal_checker_dwell_resets_on_departure" time="0.000" /><testcase classname="naviguard_navigation.test.test_mission_manager" name="test_mission_manager_nominal_lifecycle" time="0.000" /><testcase classname="naviguard_navigation.test.test_mission_manager" name="test_mission_manager_recovery_and_resume" time="0.000" /><testcase classname="naviguard_navigation.test.test_mission_manager" name="test_mission_manager_retry_budget_exhaustion" time="0.000" /><testcase classname="naviguard_navigation.test.test_navigation_integration" name="test_navigation_node_lifecycle_and_topics" time="0.261" /><testcase classname="naviguard_navigation.test.test_navigation_integration" name="test_navigation_goal_reception_and_cancel_service" time="0.045" /><testcase classname="naviguard_navigation.test.test_navigation_integration" name="test_command_ownership_and_recovery_yield" time="0.050" /><testcase classname="naviguard_navigation.test.test_navigation_scenarios" name="test_scenario_a_open_environment" time="0.004" /><testcase classname="naviguard_navigation.test.test_navigation_scenarios" name="test_scenario_b_obstacle_routing" time="0.020" /><testcase classname="naviguard_navigation.test.test_navigation_scenarios" name="test_scenario_c_goal_near_obstacle" time="0.002" /><testcase classname="naviguard_navigation.test.test_navigation_scenarios" name="test_scenario_d_blocked_unreachable_goal" time="0.089" /><testcase classname="naviguard_navigation.test.test_navigation_scenarios" name="test_scenario_e_dynamic_obstacle_replan" time="0.002" /><testcase classname="naviguard_navigation.test.test_navigation_scenarios" name="test_scenario_f_confidence_degradation_yields" time="0.001" /><testcase classname="naviguard_navigation.test.test_navigation_scenarios" name="test_scenario_g_recovery_success_and_replan" time="0.001" /><testcase classname="naviguard_navigation.test.test_navigation_scenarios" name="test_scenario_h_recovery_failed_safe" time="0.001" /><testcase classname="naviguard_navigation.test.test_navigation_scenarios" name="test_scenario_i_goal_reached_zero_velocity" time="0.000" /><testcase classname="naviguard_navigation.test.test_navigation_scenarios" name="test_scenario_j_closed_loop_obstacle_recovery_replan" time="0.014" /><testcase classname="naviguard_navigation.test.test_navigation_scenarios" name="test_scenario_k_full_blockage_budget_exhaustion" time="0.087" /><testcase classname="naviguard_navigation.test.test_occupancy_grid" name="test_occupancy_grid_conversion_and_coordinates" time="0.002" /><testcase classname="naviguard_navigation.test.test_occupancy_grid" name="test_obstacle_inflation" time="0.003" /><testcase classname="naviguard_navigation.test.test_occupancy_grid" name="test_unknown_space_handling" time="0.001" /><testcase classname="naviguard_navigation.test.test_occupancy_grid" name="test_mark_blocked_region_and_persistence" time="0.003" /><testcase classname="naviguard_navigation.test.test_path_smoother" name="test_path_smoother_shortcuts_open_path" time="0.002" /><testcase classname="naviguard_navigation.test.test_path_smoother" name="test_path_smoother_preserves_obstacle_clearance" time="0.002" /><testcase classname="naviguard_navigation.test.test_replanner" name="test_replanner_detects_blocked_path" time="0.001" /><testcase classname="naviguard_navigation.test.test_replanner" name="test_replanner_detects_excessive_cross_track_deviation" time="0.001" /><testcase classname="naviguard_navigation.test.test_waypoint_generator" name="test_waypoint_generator_uniform_spacing" time="0.001" /><testcase classname="naviguard_navigation.test.test_waypoint_generator" name="test_waypoint_generator_turn_headings" time="0.001" /></testsuite></testsuites>