<?xml version="1.0" encoding="utf-8"?><testsuites><testsuite name="pytest" errors="0" failures="0" skipped="0" tests="16" time="0.995" timestamp="2026-09-13T08:25:36.726957" hostname="Agni"><testcase classname="naviguard_visual_odometry.test.test_feature_tracker" name="test_tracked_feature_properties" time="0.001" /><testcase classname="naviguard_visual_odometry.test.test_feature_tracker" name="test_feature_detection" time="0.011" /><testcase classname="naviguard_visual_odometry.test.test_feature_tracker" name="test_self_robot_mask" time="0.008" /><testcase classname="naviguard_visual_odometry.test.test_feature_tracker" name="test_zero_motion_tracking" time="0.012" /><testcase classname="naviguard_visual_odometry.test.test_feature_tracker" name="test_synthetic_translation_tracking" time="0.017" /><testcase classname="naviguard_visual_odometry.test.test_feature_tracker" name="test_outlier_rejection" time="0.002" /><testcase classname="naviguard_visual_odometry.test.test_feature_tracker" name="test_blank_image_graceful_handling" time="0.017" /><testcase classname="naviguard_visual_odometry.test.test_feature_tracker" name="test_render_debug_canvas" time="0.013" /><testcase classname="naviguard_visual_odometry.test.test_geometric_estimator" name="test_degenerate_small_baseline" time="0.001" /><testcase classname="naviguard_visual_odometry.test.test_geometric_estimator" name="test_insufficient_correspondences" time="0.000" /><testcase classname="naviguard_visual_odometry.test.test_geometric_estimator" name="test_pure_forward_translation" time="0.002" /><testcase classname="naviguard_visual_odometry.test.test_geometric_estimator" name="test_pure_yaw_rotation" time="0.002" /><testcase classname="naviguard_visual_odometry.test.test_node_lifecycle" name="test_node_initialization" time="0.197" /><testcase classname="naviguard_visual_odometry.test.test_node_lifecycle" name="test_camera_info_callback" time="0.012" /><testcase classname="naviguard_visual_odometry.test.test_node_lifecycle" name="test_odom_callback" time="0.014" /><testcase classname="naviguard_visual_odometry.test.test_node_lifecycle" name="test_image_pipeline_and_telemetry_publication" time="0.037" /></testsuite></testsuites>