<?xml version="1.0" encoding="utf-8"?><testsuites><testsuite name="pytest" errors="0" failures="0" skipped="0" tests="19" time="1.447" timestamp="2026-09-13T08:50:41.028460" hostname="Agni"><testcase classname="naviguard_recovery.test.test_demo_motion_node" name="test_demo_motion_initialization_and_topics" time="0.215" /><testcase classname="naviguard_recovery.test.test_demo_motion_node" name="test_demo_motion_yields_on_non_normal_state" time="0.046" /><testcase classname="naviguard_recovery.test.test_recovery_budget" name="test_recovery_budget_tracking" time="0.001" /><testcase classname="naviguard_recovery.test.test_recovery_controller" name="test_recovery_controller_stop" time="0.001" /><testcase classname="naviguard_recovery.test.test_recovery_controller" name="test_recovery_controller_backtrack_and_reach" time="0.000" /><testcase classname="naviguard_recovery.test.test_recovery_controller" name="test_recovery_controller_rotation_and_reach" time="0.001" /><testcase classname="naviguard_recovery.test.test_recovery_node_lifecycle" name="test_recovery_node_initialization_and_topics" time="0.259" /><testcase classname="naviguard_recovery.test.test_recovery_node_lifecycle" name="test_recovery_node_manual_trigger_service" time="0.109" /><testcase classname="naviguard_recovery.test.test_recovery_node_lifecycle" name="test_recovery_node_decision_callback" time="0.038" /><testcase classname="naviguard_recovery.test.test_recovery_planner" name="test_recovery_planner_strategy_selection" time="0.001" /><testcase classname="naviguard_recovery.test.test_recovery_planner" name="test_backtrack_trajectory_and_collision" time="0.001" /><testcase classname="naviguard_recovery.test.test_recovery_state_machine" name="test_recovery_state_enum" time="0.001" /><testcase classname="naviguard_recovery.test.test_recovery_state_machine" name="test_state_machine_nominal_transitions" time="0.001" /><testcase classname="naviguard_recovery.test.test_recovery_state_machine" name="test_full_recovery_lifecycle" time="0.001" /><testcase classname="naviguard_recovery.test.test_recovery_state_machine" name="test_state_machine_budget_exhaustion_failed_safe" time="0.001" /><testcase classname="naviguard_recovery.test.test_relocalization_manager" name="test_relocalization_manager_dwell_requirement" time="0.001" /><testcase classname="naviguard_recovery.test.test_relocalization_manager" name="test_relocalization_manager_confidence_dip_resets_dwell" time="0.000" /><testcase classname="naviguard_recovery.test.test_trusted_state_manager" name="test_trusted_state_manager_add_and_gate" time="0.001" /><testcase classname="naviguard_recovery.test.test_trusted_state_manager" name="test_trusted_state_manager_scoring_selection" time="0.003" /></testsuite></testsuites>