<?xml version="1.0" encoding="utf-8"?><testsuites><testsuite name="pytest" errors="0" failures="0" skipped="0" tests="20" time="0.937" timestamp="2026-09-13T08:25:34.027786" hostname="Agni"><testcase classname="naviguard_confidence.test.test_confidence_dimensions" name="test_decision_state_enum" time="0.002" /><testcase classname="naviguard_confidence.test.test_confidence_dimensions" name="test_confidence_scores_clamping" time="0.001" /><testcase classname="naviguard_confidence.test.test_confidence_dimensions" name="test_decision_result_serialization" time="0.001" /><testcase classname="naviguard_confidence.test.test_confidence_node_lifecycle" name="test_confidence_node_initialization_and_topics" time="0.151" /><testcase classname="naviguard_confidence.test.test_confidence_node_lifecycle" name="test_confidence_node_callback_processing" time="0.042" /><testcase classname="naviguard_confidence.test.test_decision_state_machine" name="test_state_machine_nominal_continue" time="0.002" /><testcase classname="naviguard_confidence.test.test_decision_state_machine" name="test_state_machine_debounce_prevents_false_alarm" time="0.001" /><testcase classname="naviguard_confidence.test.test_decision_state_machine" name="test_state_machine_sustained_degradation_transitions_to_verify" time="0.005" /><testcase classname="naviguard_confidence.test.test_decision_state_machine" name="test_state_machine_persistent_failure_transitions_to_recover" time="0.000" /><testcase classname="naviguard_confidence.test.test_decision_state_machine" name="test_state_machine_emergency_bypass" time="0.000" /><testcase classname="naviguard_confidence.test.test_decision_state_machine" name="test_state_machine_recovery_hysteresis" time="0.000" /><testcase classname="naviguard_confidence.test.test_event_logger" name="test_confidence_event_logger" time="0.002" /><testcase classname="naviguard_confidence.test.test_sensor_monitors" name="test_visual_monitor_nominal_and_degraded" time="0.001" /><testcase classname="naviguard_confidence.test.test_sensor_monitors" name="test_localization_monitor" time="0.001" /><testcase classname="naviguard_confidence.test.test_sensor_monitors" name="test_imu_monitor" time="0.001" /><testcase classname="naviguard_confidence.test.test_sensor_monitors" name="test_wheel_monitor" time="0.000" /><testcase classname="naviguard_confidence.test.test_sensor_monitors" name="test_temporal_monitor" time="0.000" /><testcase classname="naviguard_confidence.test.test_sensor_monitors" name="test_cross_sensor_monitor" time="0.000" /><testcase classname="naviguard_confidence.test.test_sensor_monitors" name="test_map_monitor" time="0.001" /><testcase classname="naviguard_confidence.test.test_sensor_monitors" name="test_composite_confidence_engine_safety_gating" time="0.001" /></testsuite></testsuites>