<?xml version="1.0" encoding="utf-8"?><testsuites><testsuite name="pytest" errors="0" failures="0" skipped="0" tests="28" time="0.471" timestamp="2026-09-13T08:25:35.248427" hostname="Agni"><testcase classname="naviguard_rellis.test.test_calibration_loader" name="test_parse_k_matrix_from_text" time="0.001" /><testcase classname="naviguard_rellis.test.test_calibration_loader" name="test_parse_rellis_camera_info_synthetic" time="0.001" /><testcase classname="naviguard_rellis.test.test_calibration_loader" name="test_create_camera_info_msg" time="0.005" /><testcase classname="naviguard_rellis.test.test_dataset_manifest_and_provenance" name="test_manifest_structure_and_required_keys" time="0.001" /><testcase classname="naviguard_rellis.test.test_dataset_manifest_and_provenance" name="test_manifest_provenance_truth" time="0.001" /><testcase classname="naviguard_rellis.test.test_dataset_manifest_and_provenance" name="test_manifest_coordinate_transform" time="0.001" /><testcase classname="naviguard_rellis.test.test_dataset_validator" name="test_dataset_validator_nonexistent" time="0.000" /><testcase classname="naviguard_rellis.test.test_dataset_validator" name="test_dataset_validator_synthetic_structure" time="0.003" /><testcase classname="naviguard_rellis.test.test_evaluation_metrics" name="test_compute_trajectory_length" time="0.000" /><testcase classname="naviguard_rellis.test.test_evaluation_metrics" name="test_compute_ate_identical" time="0.001" /><testcase classname="naviguard_rellis.test.test_evaluation_metrics" name="test_compute_ate_with_known_drift" time="0.000" /><testcase classname="naviguard_rellis.test.test_evaluation_metrics" name="test_evaluation_recorder" time="0.000" /><testcase classname="naviguard_rellis.test.test_ground_truth_guard" name="test_guard_blocks_runtime_topics" time="0.000" /><testcase classname="naviguard_rellis.test.test_ground_truth_guard" name="test_guard_allows_evaluation_topics" time="0.000" /><testcase classname="naviguard_rellis.test.test_ground_truth_guard" name="test_is_evaluation_topic" time="0.000" /><testcase classname="naviguard_rellis.test.test_ground_truth_guard" name="test_filter_safe_topics" time="0.000" /><testcase classname="naviguard_rellis.test.test_label_loader" name="test_class_names" time="0.000" /><testcase classname="naviguard_rellis.test.test_label_loader" name="test_traversability" time="0.000" /><testcase classname="naviguard_rellis.test.test_label_loader" name="test_colorize_label_mask" time="0.001" /><testcase classname="naviguard_rellis.test.test_pointcloud_loader" name="test_parse_pcd_header" time="0.001" /><testcase classname="naviguard_rellis.test.test_pointcloud_loader" name="test_load_pcd_ascii" time="0.001" /><testcase classname="naviguard_rellis.test.test_pose_loader" name="test_rot_matrix_to_quaternion_identity" time="0.000" /><testcase classname="naviguard_rellis.test.test_pose_loader" name="test_parse_kitti_pose_line" time="0.000" /><testcase classname="naviguard_rellis.test.test_pose_loader" name="test_pose_loader_file" time="0.001" /><testcase classname="naviguard_rellis.test.test_sequence_loader" name="test_sequence_loader_with_fixture" time="0.002" /><testcase classname="naviguard_rellis.test.test_terrain_and_world_builder" name="test_terrain_builder_elevation_grid" time="0.001" /><testcase classname="naviguard_rellis.test.test_terrain_and_world_builder" name="test_terrain_builder_surface_classification" time="0.001" /><testcase classname="naviguard_rellis.test.test_terrain_and_world_builder" name="test_world_builder_sdf_generation" time="0.000" /></testsuite></testsuites>