<?xml version="1.0" encoding="utf-8"?><testsuites><testsuite name="pytest" errors="0" failures="0" skipped="0" tests="25" time="1.428" timestamp="2026-09-13T08:50:41.602942" hostname="Agni"><testcase classname="naviguard_dashboard.test.test_cmd_vel_isolation" name="test_no_cmd_vel_publisher" time="0.013" /><testcase classname="naviguard_dashboard.test.test_coordinate_conversion" name="test_grid_world_bijective" time="0.001" /><testcase classname="naviguard_dashboard.test.test_coordinate_conversion" name="test_canvas_world_roundtrip" time="0.001" /><testcase classname="naviguard_dashboard.test.test_coordinate_conversion" name="test_bounds_checking" time="0.001" /><testcase classname="naviguard_dashboard.test.test_coordinate_conversion" name="test_coordinate_inversion_y" time="0.001" /><testcase classname="naviguard_dashboard.test.test_coordinate_conversion" name="test_basemap_generator" time="0.044" /><testcase classname="naviguard_dashboard.test.test_dashboard_panels_and_streams" name="test_subsystem_health_12_nodes" time="0.001" /><testcase classname="naviguard_dashboard.test.test_dashboard_panels_and_streams" name="test_independent_stream_isolation" time="0.003" /><testcase classname="naviguard_dashboard.test.test_dashboard_panels_and_streams" name="test_replan_diagnostics_cache" time="0.000" /><testcase classname="naviguard_dashboard.test.test_dashboard_panels_and_streams" name="test_safe_write_broken_pipe_suppression" time="0.000" /><testcase classname="naviguard_dashboard.test.test_goal_validator" name="test_valid_goal_acceptance" time="0.000" /><testcase classname="naviguard_dashboard.test.test_goal_validator" name="test_goal_rejection_out_of_bounds" time="0.000" /><testcase classname="naviguard_dashboard.test.test_goal_validator" name="test_goal_rejection_occupied" time="0.000" /><testcase classname="naviguard_dashboard.test.test_goal_validator" name="test_goal_rejection_subsystem_offline" time="0.000" /><testcase classname="naviguard_dashboard.test.test_goal_validator" name="test_create_goal_msg" time="0.000" /><testcase classname="naviguard_dashboard.test.test_goal_validator" name="test_goal_acceptance_degraded_and_string_statuses" time="0.001" /><testcase classname="naviguard_dashboard.test.test_imports" name="test_imports" time="0.000" /><testcase classname="naviguard_dashboard.test.test_map_goal_dispatch_integration" name="test_coordinate_conversion_roundtrip" time="0.000" /><testcase classname="naviguard_dashboard.test.test_map_goal_dispatch_integration" name="test_goal_validation_states" time="0.000" /><testcase classname="naviguard_dashboard.test.test_map_goal_dispatch_integration" name="test_safe_write_socket_error_handling" time="0.000" /><testcase classname="naviguard_dashboard.test.test_map_goal_dispatch_integration" name="test_basemap_generator_natural_rendering" time="0.036" /><testcase classname="naviguard_dashboard.test.test_map_goal_dispatch_integration" name="test_transparent_slam_fallback_no_occlusion" time="0.001" /><testcase classname="naviguard_dashboard.test.test_state_cache" name="test_state_cache_snapshot" time="0.000" /><testcase classname="naviguard_dashboard.test.test_state_cache" name="test_event_log_rolling_limit" time="0.000" /><testcase classname="naviguard_dashboard.test.test_state_cache" name="test_subsystem_health_aggregation" time="0.000" /></testsuite></testsuites>