Start testing: Sep 11 17:40 UTC
----------------------------------------------------------
1/4 Testing: flake8
1/4 Test: flake8
Command: "/usr/bin/python3" "-u" "/opt/ros/jazzy/share/ament_cmake_test/cmake/run_test.py" "/home/maxx/naviguard_ws/build/naviguard_description/test_results/naviguard_description/flake8.xunit.xml" "--package-name" "naviguard_description" "--output-file" "/home/maxx/naviguard_ws/build/naviguard_description/ament_flake8/flake8.txt" "--command" "/opt/ros/jazzy/bin/ament_flake8" "--xunit-file" "/home/maxx/naviguard_ws/build/naviguard_description/test_results/naviguard_description/flake8.xunit.xml"
Directory: /home/maxx/naviguard_ws/src/naviguard_description
"flake8" start time: Sep 11 17:40 UTC
Output:
----------------------------------------------------------
-- run_test.py: invoking following command in '/home/maxx/naviguard_ws/src/naviguard_description':
 - /opt/ros/jazzy/bin/ament_flake8 --xunit-file /home/maxx/naviguard_ws/build/naviguard_description/test_results/naviguard_description/flake8.xunit.xml

2 files checked
No problems found

Checked files:

* ./launch/naviguard_sim.launch.py
* ./launch/naviguard_demo.launch.py
-- run_test.py: return code 0
-- run_test.py: verify result file '/home/maxx/naviguard_ws/build/naviguard_description/test_results/naviguard_description/flake8.xunit.xml'
<end of output>
Test time =   0.26 sec
----------------------------------------------------------
Test Passed.
"flake8" end time: Sep 11 17:40 UTC
"flake8" time elapsed: 00:00:00
----------------------------------------------------------

2/4 Testing: lint_cmake
2/4 Test: lint_cmake
Command: "/usr/bin/python3" "-u" "/opt/ros/jazzy/share/ament_cmake_test/cmake/run_test.py" "/home/maxx/naviguard_ws/build/naviguard_description/test_results/naviguard_description/lint_cmake.xunit.xml" "--package-name" "naviguard_description" "--output-file" "/home/maxx/naviguard_ws/build/naviguard_description/ament_lint_cmake/lint_cmake.txt" "--command" "/opt/ros/jazzy/bin/ament_lint_cmake" "--xunit-file" "/home/maxx/naviguard_ws/build/naviguard_description/test_results/naviguard_description/lint_cmake.xunit.xml"
Directory: /home/maxx/naviguard_ws/src/naviguard_description
"lint_cmake" start time: Sep 11 17:40 UTC
Output:
----------------------------------------------------------
-- run_test.py: invoking following command in '/home/maxx/naviguard_ws/src/naviguard_description':
 - /opt/ros/jazzy/bin/ament_lint_cmake --xunit-file /home/maxx/naviguard_ws/build/naviguard_description/test_results/naviguard_description/lint_cmake.xunit.xml

No problems found
-- run_test.py: return code 0
-- run_test.py: verify result file '/home/maxx/naviguard_ws/build/naviguard_description/test_results/naviguard_description/lint_cmake.xunit.xml'
<end of output>
Test time =   0.11 sec
----------------------------------------------------------
Test Passed.
"lint_cmake" end time: Sep 11 17:40 UTC
"lint_cmake" time elapsed: 00:00:00
----------------------------------------------------------

3/4 Testing: pep257
3/4 Test: pep257
Command: "/usr/bin/python3" "-u" "/opt/ros/jazzy/share/ament_cmake_test/cmake/run_test.py" "/home/maxx/naviguard_ws/build/naviguard_description/test_results/naviguard_description/pep257.xunit.xml" "--package-name" "naviguard_description" "--output-file" "/home/maxx/naviguard_ws/build/naviguard_description/ament_pep257/pep257.txt" "--command" "/opt/ros/jazzy/bin/ament_pep257" "--xunit-file" "/home/maxx/naviguard_ws/build/naviguard_description/test_results/naviguard_description/pep257.xunit.xml"
Directory: /home/maxx/naviguard_ws/src/naviguard_description
"pep257" start time: Sep 11 17:40 UTC
Output:
----------------------------------------------------------
-- run_test.py: invoking following command in '/home/maxx/naviguard_ws/src/naviguard_description':
 - /opt/ros/jazzy/bin/ament_pep257 --xunit-file /home/maxx/naviguard_ws/build/naviguard_description/test_results/naviguard_description/pep257.xunit.xml
checking ./launch/naviguard_demo.launch.py
checking ./launch/naviguard_sim.launch.py
No problems found
-- run_test.py: return code 0
-- run_test.py: verify result file '/home/maxx/naviguard_ws/build/naviguard_description/test_results/naviguard_description/pep257.xunit.xml'
<end of output>
Test time =   0.16 sec
----------------------------------------------------------
Test Passed.
"pep257" end time: Sep 11 17:40 UTC
"pep257" time elapsed: 00:00:00
----------------------------------------------------------

4/4 Testing: xmllint
4/4 Test: xmllint
Command: "/usr/bin/python3" "-u" "/opt/ros/jazzy/share/ament_cmake_test/cmake/run_test.py" "/home/maxx/naviguard_ws/build/naviguard_description/test_results/naviguard_description/xmllint.xunit.xml" "--package-name" "naviguard_description" "--output-file" "/home/maxx/naviguard_ws/build/naviguard_description/ament_xmllint/xmllint.txt" "--command" "/opt/ros/jazzy/bin/ament_xmllint" "--xunit-file" "/home/maxx/naviguard_ws/build/naviguard_description/test_results/naviguard_description/xmllint.xunit.xml"
Directory: /home/maxx/naviguard_ws/src/naviguard_description
"xmllint" start time: Sep 11 17:40 UTC
Output:
----------------------------------------------------------
-- run_test.py: invoking following command in '/home/maxx/naviguard_ws/src/naviguard_description':
 - /opt/ros/jazzy/bin/ament_xmllint --xunit-file /home/maxx/naviguard_ws/build/naviguard_description/test_results/naviguard_description/xmllint.xunit.xml
File 'package.xml' is valid

No problems found
-- run_test.py: return code 0
-- run_test.py: verify result file '/home/maxx/naviguard_ws/build/naviguard_description/test_results/naviguard_description/xmllint.xunit.xml'
<end of output>
Test time =   1.20 sec
----------------------------------------------------------
Test Passed.
"xmllint" end time: Sep 11 17:40 UTC
"xmllint" time elapsed: 00:00:01
----------------------------------------------------------

End testing: Sep 11 17:40 UTC

flake8 =   0.26 sec*proc

lint_cmake =   0.11 sec*proc

linter =   1.73 sec*proc

pep257 =   0.16 sec*proc

xmllint =   1.20 sec*proc

