Start testing: Sep 11 16:44 UTC
----------------------------------------------------------
1/4 Testing: flake8
1/4 Test: flake8
Command: "/usr/bin/python3" "-u" "/opt/ros/jazzy/share/ament_cmake_test/cmake/run_test.py" "/home/maxx/naviguard_ws/build/naviguard_description/test_results/naviguard_description/flake8.xunit.xml" "--package-name" "naviguard_description" "--output-file" "/home/maxx/naviguard_ws/build/naviguard_description/ament_flake8/flake8.txt" "--command" "/opt/ros/jazzy/bin/ament_flake8" "--xunit-file" "/home/maxx/naviguard_ws/build/naviguard_description/test_results/naviguard_description/flake8.xunit.xml"
Directory: /home/maxx/naviguard_ws/src/naviguard_description
"flake8" start time: Sep 11 16:44 UTC
Output:
----------------------------------------------------------
-- run_test.py: invoking following command in '/home/maxx/naviguard_ws/src/naviguard_description':
 - /opt/ros/jazzy/bin/ament_flake8 --xunit-file /home/maxx/naviguard_ws/build/naviguard_description/test_results/naviguard_description/flake8.xunit.xml
from ament_index_python.packages import get_package_share_directory
^
    gz_args = f"-r {world_file}"
              ^
        gz_args = f"-r -s {world_file}"
                  ^
1     I201 Missing newline between import groups. 'from ament_index_python.packages import get_package_share_directory' is identified as Third Party and 'import os' is identified as Stdlib.
2     Q000 Double quotes found but single quotes preferred

./launch/naviguard_sim.launch.py:2:1: I201 Missing newline between import groups. 'from ament_index_python.packages import get_package_share_directory' is identified as Third Party and 'import os' is identified as Stdlib.

./launch/naviguard_sim.launch.py:39:15: Q000 Double quotes found but single quotes preferred

./launch/naviguard_sim.launch.py:41:19: Q000 Double quotes found but single quotes preferred


1 files checked
3 errors

'I'-type errors: 1
'Q'-type errors: 2

Checked files:

* ./launch/naviguard_sim.launch.py
-- run_test.py: return code 1
-- run_test.py: verify result file '/home/maxx/naviguard_ws/build/naviguard_description/test_results/naviguard_description/flake8.xunit.xml'
<end of output>
Test time =   0.31 sec
----------------------------------------------------------
Test Failed.
"flake8" end time: Sep 11 16:44 UTC
"flake8" time elapsed: 00:00:00
----------------------------------------------------------

2/4 Testing: lint_cmake
2/4 Test: lint_cmake
Command: "/usr/bin/python3" "-u" "/opt/ros/jazzy/share/ament_cmake_test/cmake/run_test.py" "/home/maxx/naviguard_ws/build/naviguard_description/test_results/naviguard_description/lint_cmake.xunit.xml" "--package-name" "naviguard_description" "--output-file" "/home/maxx/naviguard_ws/build/naviguard_description/ament_lint_cmake/lint_cmake.txt" "--command" "/opt/ros/jazzy/bin/ament_lint_cmake" "--xunit-file" "/home/maxx/naviguard_ws/build/naviguard_description/test_results/naviguard_description/lint_cmake.xunit.xml"
Directory: /home/maxx/naviguard_ws/src/naviguard_description
"lint_cmake" start time: Sep 11 16:44 UTC
Output:
----------------------------------------------------------
-- run_test.py: invoking following command in '/home/maxx/naviguard_ws/src/naviguard_description':
 - /opt/ros/jazzy/bin/ament_lint_cmake --xunit-file /home/maxx/naviguard_ws/build/naviguard_description/test_results/naviguard_description/lint_cmake.xunit.xml

No problems found
-- run_test.py: return code 0
-- run_test.py: verify result file '/home/maxx/naviguard_ws/build/naviguard_description/test_results/naviguard_description/lint_cmake.xunit.xml'
<end of output>
Test time =   0.14 sec
----------------------------------------------------------
Test Passed.
"lint_cmake" end time: Sep 11 16:44 UTC
"lint_cmake" time elapsed: 00:00:00
----------------------------------------------------------

3/4 Testing: pep257
3/4 Test: pep257
Command: "/usr/bin/python3" "-u" "/opt/ros/jazzy/share/ament_cmake_test/cmake/run_test.py" "/home/maxx/naviguard_ws/build/naviguard_description/test_results/naviguard_description/pep257.xunit.xml" "--package-name" "naviguard_description" "--output-file" "/home/maxx/naviguard_ws/build/naviguard_description/ament_pep257/pep257.txt" "--command" "/opt/ros/jazzy/bin/ament_pep257" "--xunit-file" "/home/maxx/naviguard_ws/build/naviguard_description/test_results/naviguard_description/pep257.xunit.xml"
Directory: /home/maxx/naviguard_ws/src/naviguard_description
"pep257" start time: Sep 11 16:44 UTC
Output:
----------------------------------------------------------
-- run_test.py: invoking following command in '/home/maxx/naviguard_ws/src/naviguard_description':
 - /opt/ros/jazzy/bin/ament_pep257 --xunit-file /home/maxx/naviguard_ws/build/naviguard_description/test_results/naviguard_description/pep257.xunit.xml
checking ./launch/naviguard_sim.launch.py
No problems found
-- run_test.py: return code 0
-- run_test.py: verify result file '/home/maxx/naviguard_ws/build/naviguard_description/test_results/naviguard_description/pep257.xunit.xml'
<end of output>
Test time =   0.20 sec
----------------------------------------------------------
Test Passed.
"pep257" end time: Sep 11 16:44 UTC
"pep257" time elapsed: 00:00:00
----------------------------------------------------------

4/4 Testing: xmllint
4/4 Test: xmllint
Command: "/usr/bin/python3" "-u" "/opt/ros/jazzy/share/ament_cmake_test/cmake/run_test.py" "/home/maxx/naviguard_ws/build/naviguard_description/test_results/naviguard_description/xmllint.xunit.xml" "--package-name" "naviguard_description" "--output-file" "/home/maxx/naviguard_ws/build/naviguard_description/ament_xmllint/xmllint.txt" "--command" "/opt/ros/jazzy/bin/ament_xmllint" "--xunit-file" "/home/maxx/naviguard_ws/build/naviguard_description/test_results/naviguard_description/xmllint.xunit.xml"
Directory: /home/maxx/naviguard_ws/src/naviguard_description
"xmllint" start time: Sep 11 16:44 UTC
Output:
----------------------------------------------------------
-- run_test.py: invoking following command in '/home/maxx/naviguard_ws/src/naviguard_description':
 - /opt/ros/jazzy/bin/ament_xmllint --xunit-file /home/maxx/naviguard_ws/build/naviguard_description/test_results/naviguard_description/xmllint.xunit.xml
File 'package.xml' is valid

No problems found
-- run_test.py: return code 0
-- run_test.py: verify result file '/home/maxx/naviguard_ws/build/naviguard_description/test_results/naviguard_description/xmllint.xunit.xml'
<end of output>
Test time =   2.84 sec
----------------------------------------------------------
Test Passed.
"xmllint" end time: Sep 11 16:44 UTC
"xmllint" time elapsed: 00:00:02
----------------------------------------------------------

End testing: Sep 11 16:44 UTC

flake8 =   0.31 sec*proc

lint_cmake =   0.14 sec*proc

linter =   3.49 sec*proc

pep257 =   0.20 sec*proc

xmllint =   2.84 sec*proc

