<?xml version="1.0" encoding="utf-8"?><testsuites><testsuite name="pytest" errors="0" failures="0" skipped="0" tests="17" time="1.978" timestamp="2026-09-13T08:50:42.260244" hostname="Agni"><testcase classname="naviguard_slam.test.test_keyframe_and_landmarks" name="test_keyframe_creation_and_serialization" time="0.002" /><testcase classname="naviguard_slam.test.test_keyframe_and_landmarks" name="test_landmark_creation_and_observations" time="0.001" /><testcase classname="naviguard_slam.test.test_keyframe_and_landmarks" name="test_landmark_database_matching" time="0.001" /><testcase classname="naviguard_slam.test.test_map_save_load" name="test_map_save_and_load_cycle" time="0.253" /><testcase classname="naviguard_slam.test.test_occupancy_grid" name="test_grid_coordinate_transforms" time="0.001" /><testcase classname="naviguard_slam.test.test_occupancy_grid" name="test_clearance_and_obstacle_marking" time="0.001" /><testcase classname="naviguard_slam.test.test_occupancy_grid" name="test_ray_clearing_and_visual_observations" time="0.001" /><testcase classname="naviguard_slam.test.test_occupancy_grid" name="test_pgm_and_yaml_export" time="0.003" /><testcase classname="naviguard_slam.test.test_place_recognition" name="test_place_recognition_gap_and_distance_gating" time="0.003" /><testcase classname="naviguard_slam.test.test_place_recognition" name="test_place_recognition_matching" time="0.009" /><testcase classname="naviguard_slam.test.test_pose_graph_optimizer" name="test_pose_graph_odometry_chain" time="0.005" /><testcase classname="naviguard_slam.test.test_pose_graph_optimizer" name="test_pose_graph_loop_closure" time="0.003" /><testcase classname="naviguard_slam.test.test_slam_node_lifecycle" name="test_slam_node_initialization_and_topics" time="0.040" /><testcase classname="naviguard_slam.test.test_slam_node_lifecycle" name="test_slam_node_transition_to_ok" time="0.070" /><testcase classname="naviguard_slam.test.test_slam_node_lifecycle" name="test_map_publisher_qos_transient_local" time="0.084" /><testcase classname="naviguard_slam.test.test_tracking_failure_and_diagnostics" name="test_diagnostics_nominal_state" time="0.002" /><testcase classname="naviguard_slam.test.test_tracking_failure_and_diagnostics" name="test_diagnostics_tracking_lost" time="0.001" /></testsuite></testsuites>