<?xml version="1.0" encoding="utf-8"?><testsuites><testsuite name="pytest" errors="0" failures="0" skipped="0" tests="19" time="1.465" timestamp="2026-09-13T08:25:36.003778" hostname="Agni"><testcase classname="naviguard_sensor_sync.test.test_frame_validator" name="test_camera_optical_convention_math" time="0.001" /><testcase classname="naviguard_sensor_sync.test.test_node_lifecycle" name="test_node_initialization" time="0.109" /><testcase classname="naviguard_sensor_sync.test.test_node_lifecycle" name="test_sensor_callbacks_and_diagnostics" time="0.634" /><testcase classname="naviguard_sensor_sync.test.test_sensor_validators" name="test_camera_info_validation_valid" time="0.001" /><testcase classname="naviguard_sensor_sync.test.test_sensor_validators" name="test_camera_info_validation_invalid_intrinsics" time="0.000" /><testcase classname="naviguard_sensor_sync.test.test_sensor_validators" name="test_camera_info_image_dimension_mismatch" time="0.001" /><testcase classname="naviguard_sensor_sync.test.test_sensor_validators" name="test_imu_validation_orientation_unavailable" time="0.000" /><testcase classname="naviguard_sensor_sync.test.test_sensor_validators" name="test_imu_validation_orientation_available" time="0.000" /><testcase classname="naviguard_sensor_sync.test.test_sensor_validators" name="test_odometry_validation_valid" time="0.001" /><testcase classname="naviguard_sensor_sync.test.test_sensor_validators" name="test_odometry_validation_wrong_frames" time="0.000" /><testcase classname="naviguard_sensor_sync.test.test_sync_analyzer" name="test_nearest_timestamp_pairing" time="0.001" /><testcase classname="naviguard_sensor_sync.test.test_sync_analyzer" name="test_sync_tolerance_classification_pass" time="0.001" /><testcase classname="naviguard_sensor_sync.test.test_sync_analyzer" name="test_sync_tolerance_classification_fail" time="0.001" /><testcase classname="naviguard_sensor_sync.test.test_sync_analyzer" name="test_insufficient_samples_handling" time="0.000" /><testcase classname="naviguard_sensor_sync.test.test_timestamp_monitor" name="test_monotonic_timestamps" time="0.001" /><testcase classname="naviguard_sensor_sync.test.test_timestamp_monitor" name="test_non_monotonic_and_jumps" time="0.000" /><testcase classname="naviguard_sensor_sync.test.test_timestamp_monitor" name="test_timestamp_gap_detection" time="0.001" /><testcase classname="naviguard_sensor_sync.test.test_timestamp_monitor" name="test_sensor_rate_calculation" time="0.001" /><testcase classname="naviguard_sensor_sync.test.test_timestamp_monitor" name="test_stale_sensor_detection" time="0.002" /></testsuite></testsuites>