<?xml version="1.0" encoding="utf-8"?><testsuites><testsuite name="pytest" errors="0" failures="0" skipped="0" tests="20" time="0.725" timestamp="2026-09-13T08:25:36.394227" hostname="Agni"><testcase classname="naviguard_state_estimation.test.test_estimator_and_consistency" name="test_kinematic_model_prediction" time="0.001" /><testcase classname="naviguard_state_estimation.test.test_estimator_and_consistency" name="test_ekf_wheel_and_imu_updates" time="0.001" /><testcase classname="naviguard_state_estimation.test.test_estimator_and_consistency" name="test_ekf_visual_updates" time="0.001" /><testcase classname="naviguard_state_estimation.test.test_estimator_and_consistency" name="test_ekf_mahalanobis_outlier_rejection" time="0.000" /><testcase classname="naviguard_state_estimation.test.test_estimator_and_consistency" name="test_cross_sensor_consistency_checker" time="0.000" /><testcase classname="naviguard_state_estimation.test.test_measurement_buffer" name="test_buffer_insertion_and_ordering" time="0.000" /><testcase classname="naviguard_state_estimation.test.test_measurement_buffer" name="test_buffer_invalid_timestamp" time="0.000" /><testcase classname="naviguard_state_estimation.test.test_measurement_buffer" name="test_buffer_capacity_and_age_pruning" time="0.000" /><testcase classname="naviguard_state_estimation.test.test_measurement_buffer" name="test_buffer_nearest_neighbor" time="0.000" /><testcase classname="naviguard_state_estimation.test.test_measurement_buffer" name="test_wheel_motion_integration" time="0.001" /><testcase classname="naviguard_state_estimation.test.test_node_integration" name="test_node_lifecycle" time="0.102" /><testcase classname="naviguard_state_estimation.test.test_processors" name="test_imu_processor_valid_data" time="0.001" /><testcase classname="naviguard_state_estimation.test.test_processors" name="test_imu_processor_gating" time="0.000" /><testcase classname="naviguard_state_estimation.test.test_processors" name="test_wheel_odom_processor_valid" time="0.000" /><testcase classname="naviguard_state_estimation.test.test_processors" name="test_wheel_odom_frame_mismatch_and_speed_limits" time="0.000" /><testcase classname="naviguard_state_estimation.test.test_visual_adapter_and_scale" name="test_coordinate_transformation" time="0.000" /><testcase classname="naviguard_state_estimation.test.test_visual_adapter_and_scale" name="test_scale_observation_valid_forward_motion" time="0.000" /><testcase classname="naviguard_state_estimation.test.test_visual_adapter_and_scale" name="test_scale_rejection_when_robot_stationary" time="0.000" /><testcase classname="naviguard_state_estimation.test.test_visual_adapter_and_scale" name="test_scale_rejection_on_direction_mismatch" time="0.000" /><testcase classname="naviguard_state_estimation.test.test_visual_adapter_and_scale" name="test_measurement_rejection_on_degenerate_geometry" time="0.000" /></testsuite></testsuites>